Build started 26/11/2022 10:47:04 CH.
     1>Project "E:\VS2010\Cpp2022\CaoThong\CaoThong\CaoThong.vcxproj" on node 2 (build target(s)).
     1>InitializeBuildStatus:
         Creating "Debug\CaoThong.unsuccessfulbuild" because "AlwaysCreate" was specified.
       ClCompile:
         C:\Program Files (x86)\Microsoft Visual Studio 10.0\VC\bin\CL.exe /c /ZI /nologo /W3 /WX- /Od /Oy- /D _MBCS /Gm /EHsc /RTC1 /MDd /GS /fp:precise /Zc:wchar_t /Zc:forScope /Fo"Debug\\" /Fd"Debug\vc100.pdb" /Gd /TP /analyze- /errorReport:prompt lab5.cpp
         lab5.cpp
     1>e:\vs2010\cpp2022\caothong\caothong\lab5.cpp(79): warning C4101: 'j' : unreferenced local variable
     1>e:\vs2010\cpp2022\caothong\caothong\lab5.cpp(95): warning C4101: 'j' : unreferenced local variable
     1>e:\vs2010\cpp2022\caothong\caothong\lab5.cpp(108): warning C4101: 'j' : unreferenced local variable
     1>e:\vs2010\cpp2022\caothong\caothong\lab5.cpp(124): warning C4101: 'j' : unreferenced local variable
       Link:
         C:\Program Files (x86)\Microsoft Visual Studio 10.0\VC\bin\link.exe /ERRORREPORT:PROMPT /OUT:"E:\VS2010\Cpp2022\CaoThong\Debug\CaoThong.exe" /NOLOGO kernel32.lib user32.lib gdi32.lib winspool.lib comdlg32.lib advapi32.lib shell32.lib ole32.lib oleaut32.lib uuid.lib odbc32.lib odbccp32.lib /MANIFEST /ManifestFile:"Debug\CaoThong.exe.intermediate.manifest" /MANIFESTUAC:"level='asInvoker' uiAccess='false'" /DEBUG /PDB:"E:\VS2010\Cpp2022\CaoThong\Debug\CaoThong.pdb" /TLBID:1 /DYNAMICBASE /NXCOMPAT /IMPLIB:"E:\VS2010\Cpp2022\CaoThong\Debug\CaoThong.lib" /MACHINE:X86 Debug\lab5.obj
         LINK : E:\VS2010\Cpp2022\CaoThong\Debug\CaoThong.exe not found or not built by the last incremental link; performing full link
         CaoThong.vcxproj -> E:\VS2010\Cpp2022\CaoThong\Debug\CaoThong.exe
       Manifest:
         C:\Program Files (x86)\Microsoft SDKs\Windows\v7.0A\bin\mt.exe /nologo /verbose /outputresource:"E:\VS2010\Cpp2022\CaoThong\Debug\CaoThong.exe;#1" /manifest Debug\CaoThong.exe.intermediate.manifest
       FinalizeBuildStatus:
         Deleting file "Debug\CaoThong.unsuccessfulbuild".
         Touching "Debug\CaoThong.lastbuildstate".
     1>Done Building Project "E:\VS2010\Cpp2022\CaoThong\CaoThong\CaoThong.vcxproj" (build target(s)).

Build succeeded.

Time Elapsed 00:00:00.68
